C251 COMPILER V5.60.0,  algorithm                                                          13/12/23  20:03:27  PAGE 1   


C251 COMPILER V5.60.0, COMPILATION OF MODULE algorithm
OBJECT MODULE PLACED IN .\Out_File\algorithm.obj
COMPILER INVOKED BY: E:\NIEZS\ARM\KeilC251\C251\BIN\C251.EXE ..\CODE\algorithm.c XSMALL INTR2 WARNINGLEVEL(3) BROWSE INC
                    -DIR(..\..\Libraries\libraries;..\..\Libraries\seekfree_libraries;..\..\Libraries\seekfree_peripheral;..\CODE;..\USER\inc
                    -;..\USER\src) DEBUG PRINT(.\Out_File\algorithm.lst) TABS(2) OBJECT(.\Out_File\algorithm.obj) 

stmt  level    source

    1          /**
    2            ******************************************************************************
    3            * @author  Pump_Li
    4            * @version V1.0.0
    5            * @date    2023.3.13
    6            * @brief   一些基本控制算法
    7            ******************************************************************************
    8            * @attention
    9            * 
   10            ******************************************************************************
   11            */
   12          /* Includes ------------------------------------------------------------------*/
   13          #include "headfile.h"
   14          /* Private Define ------------------------------------------------------------*/
   15          
   16          /* Private Functions ---------------------------------------------------------*/
   17          
   18          /* Functions -----------------------------------------------------------------*/
   19          
   20          /**
   21            * @brief  绝对值函数
   22            * @param  None
   23            * @retval None
   24            */
   25           int myabs(int16 a)
   26          {        
   27   1          int temp;
   28   1          if(a<0)  temp=-a;  
   29   1          else temp=a;
   30   1          return temp;
   31   1      }


Module Information          Static   Overlayable
------------------------------------------------
  code size            =        17     ------
  ecode size           =    ------     ------
  data size            =    ------     ------
  idata size           =    ------     ------
  pdata size           =    ------     ------
  xdata size           =    ------     ------
  xdata-const size     =    ------     ------
  edata size           =    ------     ------
  bit size             =    ------     ------
  ebit size            =    ------     ------
  bitaddressable size  =    ------     ------
  ebitaddressable size =    ------     ------
  far data size        =    ------     ------
  huge data size       =    ------     ------
  const size           =    ------     ------
  hconst size          =    ------     ------
End of Module Information.


C251 COMPILATION COMPLETE.  0 WARNING(S),  0 ERROR(S)
